Start testing: Oct 18 12:59 ?D1迆㊣那℅?那㊣??
----------------------------------------------------------
1/1 Testing: myTEST266
1/1 Test: myTEST266
Command: "E:/ACM/LeetCodeSource/build/TEST415.exe" "1" "2"
Directory: E:/ACM/LeetCodeSource/build
"myTEST266" start time: Oct 18 12:59 ?D1迆㊣那℅?那㊣??
Output:
----------------------------------------------------------
3
<end of output>
Test time =   0.03 sec
----------------------------------------------------------
Test Passed.
"myTEST266" end time: Oct 18 12:59 ?D1迆㊣那℅?那㊣??
"myTEST266" time elapsed: 00:00:00
----------------------------------------------------------

End testing: Oct 18 12:59 ?D1迆㊣那℅?那㊣??
