<?xml version="1.0" encoding="UTF-8"?>
<Site BuildName="Win32-mingw32-make"
	BuildStamp="20191007-0640-Experimental"
	Name="LAPTOP-HP2J68IG"
	Generator="ctest-3.15.4"
	CompilerName="D:/software/mingw64/bin/g++.exe"
	CompilerVersion="8.1.0"
	OSName="Windows"
	Hostname="LAPTOP-HP2J68IG"
	OSRelease=" Personal"
	OSVersion=" (Build 18362)"
	OSPlatform="AMD64"
	Is64Bits="1"
	VendorString="GenuineIntel"
	VendorID="Intel Corporation"
	FamilyID="6"
	ModelID="14"
	ProcessorCacheSize="-1"
	NumberOfLogicalCPU="12"
	NumberOfPhysicalCPU="6"
	TotalVirtualMemory="18689"
	TotalPhysicalMemory="16257"
	LogicalProcessorsPerPhysical="2"
	ProcessorClockFrequency="2208"
	>
	<Testing>
		<StartDateTime>Oct 07 14:40 ?D1[NON-UTF-8-BYTE-0xA8][NON-UTF-8-BYTE-0xB2][NON-UTF-8-BYTE-0xA1][NON-UTF-8-BYTE-0xC0][NON-UTF-8-BYTE-0xA8][NON-UTF-8-BYTE-0xBA][NON-UTF-8-BYTE-0xA1][NON-UTF-8-BYTE-0xC1]?[NON-UTF-8-BYTE-0xA8][NON-UTF-8-BYTE-0xBA][NON-UTF-8-BYTE-0xA1][NON-UTF-8-BYTE-0xC0]??</StartDateTime>
		<StartTestTime>1570430406</StartTestTime>
		<TestList/>
		<EndDateTime>Oct 07 14:40 ?D1[NON-UTF-8-BYTE-0xA8][NON-UTF-8-BYTE-0xB2][NON-UTF-8-BYTE-0xA1][NON-UTF-8-BYTE-0xC0][NON-UTF-8-BYTE-0xA8][NON-UTF-8-BYTE-0xBA][NON-UTF-8-BYTE-0xA1][NON-UTF-8-BYTE-0xC1]?[NON-UTF-8-BYTE-0xA8][NON-UTF-8-BYTE-0xBA][NON-UTF-8-BYTE-0xA1][NON-UTF-8-BYTE-0xC0]??</EndDateTime>
		<EndTestTime>1570430406</EndTestTime>
		<ElapsedMinutes>0</ElapsedMinutes>
	</Testing>
</Site>
